<?xml version="1.0" encoding="UTF-8"?>
<testsuite xmlns:xsi="http://www.w3.org/2001/XMLSchema-instance" xsi:noNamespaceSchemaLocation="https://maven.apache.org/surefire/maven-surefire-plugin/xsd/surefire-test-report.xsd" name="com.impacta.testes.automatizados.PalindromeTest" time="0.092" tests="17" errors="0" skipped="0" failures="0">
  <properties>
    <property name="sun.desktop" value="windows"/>
    <property name="awt.toolkit" value="sun.awt.windows.WToolkit"/>
    <property name="java.specification.version" value="11"/>
    <property name="sun.cpu.isalist" value="amd64"/>
    <property name="sun.jnu.encoding" value="Cp1252"/>
    <property name="java.class.path" value="C:\Users\rapha_94723bq\Desktop\Aulas_Engenharia_de_software\Automated Tests\Exercicios\Ex01_Palindrome\ex01_palindromo\target\test-classes;C:\Users\rapha_94723bq\Desktop\Aulas_Engenharia_de_software\Automated Tests\Exercicios\Ex01_Palindrome\ex01_palindromo\target\classes;C:\Users\rapha\.m2\repository\junit\junit\4.11\junit-4.11.jar;C:\Users\rapha\.m2\repository\org\hamcrest\hamcrest-core\1.3\hamcrest-core-1.3.jar;"/>
    <property name="java.vm.vendor" value="AdoptOpenJDK"/>
    <property name="sun.arch.data.model" value="64"/>
    <property name="user.variant" value=""/>
    <property name="java.vendor.url" value="https://adoptopenjdk.net/"/>
    <property name="user.timezone" value="America/Sao_Paulo"/>
    <property name="java.vm.specification.version" value="11"/>
    <property name="os.name" value="Windows 10"/>
    <property name="sun.java.launcher" value="SUN_STANDARD"/>
    <property name="user.country" value="BR"/>
    <property name="sun.boot.library.path" value="C:\Program Files\AdoptOpenJDK\jdk-11.0.11.9-hotspot\bin"/>
    <property name="sun.java.command" value="C:\Users\rapha\AppData\Local\Temp\surefire7905786528366465578\surefirebooter3807835355665195828.jar C:\Users\rapha\AppData\Local\Temp\surefire7905786528366465578 2021-09-25T11-42-32_398-jvmRun1 surefire6298210110575202086tmp surefire_012592678045407610140tmp"/>
    <property name="jdk.debug" value="release"/>
    <property name="surefire.test.class.path" value="C:\Users\rapha_94723bq\Desktop\Aulas_Engenharia_de_software\Automated Tests\Exercicios\Ex01_Palindrome\ex01_palindromo\target\test-classes;C:\Users\rapha_94723bq\Desktop\Aulas_Engenharia_de_software\Automated Tests\Exercicios\Ex01_Palindrome\ex01_palindromo\target\classes;C:\Users\rapha\.m2\repository\junit\junit\4.11\junit-4.11.jar;C:\Users\rapha\.m2\repository\org\hamcrest\hamcrest-core\1.3\hamcrest-core-1.3.jar;"/>
    <property name="sun.cpu.endian" value="little"/>
    <property name="user.home" value="C:\Users\rapha"/>
    <property name="user.language" value="pt"/>
    <property name="java.specification.vendor" value="Oracle Corporation"/>
    <property name="java.version.date" value="2021-04-20"/>
    <property name="java.home" value="C:\Program Files\AdoptOpenJDK\jdk-11.0.11.9-hotspot"/>
    <property name="file.separator" value="\"/>
    <property name="basedir" value="C:\Users\rapha_94723bq\Desktop\Aulas_Engenharia_de_software\Automated Tests\Exercicios\Ex01_Palindrome\ex01_palindromo"/>
    <property name="java.vm.compressedOopsMode" value="Zero based"/>
    <property name="line.separator" value="&#10;"/>
    <property name="java.specification.name" value="Java Platform API Specification"/>
    <property name="java.vm.specification.vendor" value="Oracle Corporation"/>
    <property name="java.awt.graphicsenv" value="sun.awt.Win32GraphicsEnvironment"/>
    <property name="surefire.real.class.path" value="C:\Users\rapha\AppData\Local\Temp\surefire7905786528366465578\surefirebooter3807835355665195828.jar"/>
    <property name="user.script" value=""/>
    <property name="sun.management.compiler" value="HotSpot 64-Bit Tiered Compilers"/>
    <property name="java.runtime.version" value="11.0.11+9"/>
    <property name="user.name" value="rapha"/>
    <property name="path.separator" value=";"/>
    <property name="os.version" value="10.0"/>
    <property name="java.runtime.name" value="OpenJDK Runtime Environment"/>
    <property name="file.encoding" value="Cp1252"/>
    <property name="java.vm.name" value="OpenJDK 64-Bit Server VM"/>
    <property name="java.vendor.version" value="AdoptOpenJDK-11.0.11+9"/>
    <property name="localRepository" value="C:\Users\rapha\.m2\repository"/>
    <property name="java.vendor.url.bug" value="https://github.com/AdoptOpenJDK/openjdk-support/issues"/>
    <property name="java.io.tmpdir" value="C:\Users\rapha\AppData\Local\Temp\"/>
    <property name="java.version" value="11.0.11"/>
    <property name="user.dir" value="C:\Users\rapha_94723bq\Desktop\Aulas_Engenharia_de_software\Automated Tests\Exercicios\Ex01_Palindrome\ex01_palindromo"/>
    <property name="os.arch" value="amd64"/>
    <property name="java.vm.specification.name" value="Java Virtual Machine Specification"/>
    <property name="java.awt.printerjob" value="sun.awt.windows.WPrinterJob"/>
    <property name="sun.os.patch.level" value=""/>
    <property name="java.library.path" value="C:\Program Files\AdoptOpenJDK\jdk-11.0.11.9-hotspot\bin;C:\WINDOWS\Sun\Java\bin;C:\WINDOWS\system32;C:\WINDOWS;C:\Program Files\AdoptOpenJDK\jdk-11.0.11.9-hotspot\bin;C:\Program Files (x86)\Common Files\Intel\Shared Libraries\redist\intel64\compiler;C:\Program Files (x86)\Microsoft SDKs\Azure\CLI2\wbin;C:\Program Files (x86)\Common Files\Oracle\Java\javapath;C:\ProgramData\Oracle\Java\javapath;C:\Program Files (x86)\Intel\iCLS Client\;C:\Program Files\Intel\iCLS Client\;C:\Windows\system32;C:\Windows;C:\Windows\System32\Wbem;C:\Windows\System32\WindowsPowerShell\v1.0\;C:\Program Files (x86)\Intel\Intel(R) Management Engine Components\DAL;C:\Program Files\Intel\Intel(R) Management Engine Components\DAL;C:\Program Files (x86)\Intel\Intel(R) Management Engine Components\IPT;C:\Program Files\Intel\Intel(R) Management Engine Components\IPT;C:\Program Files (x86)\NVIDIA Corporation\PhysX\Common;C:\Program Files\Intel\WiFi\bin\;C:\Program Files\Common Files\Intel\WirelessCommon\;C:\WINDOWS\system32;C:\WINDOWS;C:\WINDOWS\System32\Wbem;C:\WINDOWS\System32\WindowsPowerShell\v1.0\;C:\WINDOWS\System32\OpenSSH\;C:\Program Files\Java\jdk1.8.0_261\bin;C:\Program Files\Git\cmd;C:\Program Files\NVIDIA Corporation\NVIDIA NvDLISR;C:\Program Files\PuTTY\;C:\HashiCorp\Vagrant\bin;C:\HashiCorp\terraform;C:\ProgramData\chocolatey\bin;C:\Program Files\TortoiseSVN\bin;C:\Program Files\Docker\Docker\resources\bin;C:\ProgramData\DockerDesktop\version-bin;C:\Program Files\Apache\apache-maven-3.8.1\bin;%JAVA_HOME%\bin;C:\Program Files\nodejs\;C:\Users\rapha_94723bq\AppData\Local\Android\Sdk;C:\Users\rapha_94723bq\AppData\Local\Android\Sdk\platform-tools;C:\Users\rapha\AppData\Local\Programs\Python\Python39\Scripts\;C:\Users\rapha\AppData\Local\Programs\Python\Python39\;C:\Users\rapha\AppData\Local\Microsoft\WindowsApps;C:\Users\rapha\AppData\Roaming\npm;C:\Users\rapha\AppData\Local\Programs\Microsoft VS Code\bin;C:\Users\rapha_94723bq\AppData\Local\Android\Sdk;C:\Users\rapha_94723bq\AppData\Local\Android\Sdk\platform-tools;;."/>
    <property name="java.vm.info" value="mixed mode"/>
    <property name="java.vendor" value="AdoptOpenJDK"/>
    <property name="java.vm.version" value="11.0.11+9"/>
    <property name="sun.io.unicode.encoding" value="UnicodeLittle"/>
    <property name="java.class.version" value="55.0"/>
  </properties>
  <testcase name="isNotAPalindromeSentence00" classname="com.impacta.testes.automatizados.PalindromeTest" time="0.005"/>
  <testcase name="isNotAPalindromeSentence01" classname="com.impacta.testes.automatizados.PalindromeTest" time="0"/>
  <testcase name="isNotAPalindromeSentence02" classname="com.impacta.testes.automatizados.PalindromeTest" time="0"/>
  <testcase name="isRemovingNonAlphaNumericChars" classname="com.impacta.testes.automatizados.PalindromeTest" time="0"/>
  <testcase name="isNotAPalindromeWord00" classname="com.impacta.testes.automatizados.PalindromeTest" time="0"/>
  <testcase name="isNotAPalindromeWord01" classname="com.impacta.testes.automatizados.PalindromeTest" time="0"/>
  <testcase name="isNotAPalindromeWord02" classname="com.impacta.testes.automatizados.PalindromeTest" time="0"/>
  <testcase name="isAPalindromeWord00" classname="com.impacta.testes.automatizados.PalindromeTest" time="0"/>
  <testcase name="isAPalindromeWord01" classname="com.impacta.testes.automatizados.PalindromeTest" time="0.001"/>
  <testcase name="isAPalindromeWord02" classname="com.impacta.testes.automatizados.PalindromeTest" time="0.001"/>
  <testcase name="isAPalindromeWord03" classname="com.impacta.testes.automatizados.PalindromeTest" time="0.001"/>
  <testcase name="isAPalindromeWord04" classname="com.impacta.testes.automatizados.PalindromeTest" time="0"/>
  <testcase name="isAPalindromeSentence00" classname="com.impacta.testes.automatizados.PalindromeTest" time="0"/>
  <testcase name="isAPalindromeSentence01" classname="com.impacta.testes.automatizados.PalindromeTest" time="0.002"/>
  <testcase name="isAPalindromeSentence02" classname="com.impacta.testes.automatizados.PalindromeTest" time="0.001"/>
  <testcase name="isAPalindromeSentence03" classname="com.impacta.testes.automatizados.PalindromeTest" time="0.001"/>
  <testcase name="isAPalindromeSentence04" classname="com.impacta.testes.automatizados.PalindromeTest" time="0"/>
</testsuite>